<?xml version="1.0" encoding="UTF-8"?>
<robot generator="Robot 3.1.2 (Python 3.8.2 on win32)" generated="20200405 20:22:18.201" rpa="false">
<suite id="s1" name="RobotProject1" source="C:\Users\Family\eclipse-workspace\RobotProject1">
<suite id="s1-s1" name="Test" source="C:\Users\Family\eclipse-workspace\RobotProject1\test">
<suite id="s1-s1-s1" name="TestSuite1" source="C:\Users\Family\eclipse-workspace\RobotProject1\test\TestSuite1.robot">
<kw name="Log" library="BuiltIn" type="setup">
<doc>Logs the given message with the given level.</doc>
<arguments>
<arg>I am in Test Suite Setup</arg>
</arguments>
<msg timestamp="20200405 20:22:18.611" level="INFO">I am in Test Suite Setup</msg>
<status status="PASS" starttime="20200405 20:22:18.611" endtime="20200405 20:22:18.612"></status>
</kw>
<test id="s1-s1-s1-t1" name="MyFirstTest">
<kw name="Log" library="BuiltIn" type="setup">
<doc>Logs the given message with the given level.</doc>
<arguments>
<arg>I am in Test Setup</arg>
</arguments>
<msg timestamp="20200405 20:22:18.614" level="INFO">I am in Test Setup</msg>
<status status="PASS" starttime="20200405 20:22:18.613" endtime="20200405 20:22:18.614"></status>
</kw>
<kw name="Log" library="BuiltIn">
<doc>Logs the given message with the given level.</doc>
<arguments>
<arg>Hello World...</arg>
</arguments>
<msg timestamp="20200405 20:22:18.615" level="INFO">Hello World...</msg>
<status status="PASS" starttime="20200405 20:22:18.614" endtime="20200405 20:22:18.615"></status>
</kw>
<kw name="Close Browser" library="SeleniumLibrary" type="teardown">
<doc>Closes the current browser.</doc>
<status status="PASS" starttime="20200405 20:22:18.615" endtime="20200405 20:22:18.616"></status>
</kw>
<tags>
<tag>Smoke Testing</tag>
</tags>
<status status="PASS" starttime="20200405 20:22:18.612" endtime="20200405 20:22:18.616" critical="yes"></status>
</test>
<test id="s1-s1-s1-t2" name="MySecondTest">
<kw name="Log" library="BuiltIn" type="setup">
<doc>Logs the given message with the given level.</doc>
<arguments>
<arg>I am in Test Setup</arg>
</arguments>
<msg timestamp="20200405 20:22:18.618" level="INFO">I am in Test Setup</msg>
<status status="PASS" starttime="20200405 20:22:18.618" endtime="20200405 20:22:18.618"></status>
</kw>
<kw name="Log" library="BuiltIn">
<doc>Logs the given message with the given level.</doc>
<arguments>
<arg>Hello I am inside second test...</arg>
</arguments>
<msg timestamp="20200405 20:22:18.618" level="INFO">Hello I am inside second test...</msg>
<status status="PASS" starttime="20200405 20:22:18.618" endtime="20200405 20:22:18.619"></status>
</kw>
<kw name="Set Tags" library="BuiltIn">
<doc>Adds given ``tags`` for the current test or all tests in a suite.</doc>
<arguments>
<arg>Regression</arg>
</arguments>
<msg timestamp="20200405 20:22:18.620" level="INFO">Set tag 'Regression'.</msg>
<status status="PASS" starttime="20200405 20:22:18.620" endtime="20200405 20:22:18.620"></status>
</kw>
<kw name="Close Browser" library="SeleniumLibrary" type="teardown">
<doc>Closes the current browser.</doc>
<status status="PASS" starttime="20200405 20:22:18.620" endtime="20200405 20:22:18.621"></status>
</kw>
<tags>
<tag>Regression</tag>
<tag>Sanity_Arpita</tag>
</tags>
<status status="PASS" starttime="20200405 20:22:18.617" endtime="20200405 20:22:18.621" critical="yes"></status>
</test>
<test id="s1-s1-s1-t3" name="MyThirdTest">
<kw name="Log" library="BuiltIn" type="setup">
<doc>Logs the given message with the given level.</doc>
<arguments>
<arg>I am in Test Setup</arg>
</arguments>
<msg timestamp="20200405 20:22:18.624" level="INFO">I am in Test Setup</msg>
<status status="PASS" starttime="20200405 20:22:18.623" endtime="20200405 20:22:18.625"></status>
</kw>
<kw name="Log" library="BuiltIn">
<doc>Logs the given message with the given level.</doc>
<arguments>
<arg>Hello I am inside third test...</arg>
</arguments>
<msg timestamp="20200405 20:22:18.626" level="INFO">Hello I am inside third test...</msg>
<status status="PASS" starttime="20200405 20:22:18.626" endtime="20200405 20:22:18.626"></status>
</kw>
<kw name="Close Browser" library="SeleniumLibrary" type="teardown">
<doc>Closes the current browser.</doc>
<status status="PASS" starttime="20200405 20:22:18.627" endtime="20200405 20:22:18.627"></status>
</kw>
<tags>
<tag>Sanity_Arpita</tag>
</tags>
<status status="PASS" starttime="20200405 20:22:18.622" endtime="20200405 20:22:18.628" critical="yes"></status>
</test>
<test id="s1-s1-s1-t4" name="FirstSeleniumTest">
<kw name="Log" library="BuiltIn" type="setup">
<doc>Logs the given message with the given level.</doc>
<arguments>
<arg>I am in Test Setup</arg>
</arguments>
<msg timestamp="20200405 20:22:18.630" level="INFO">I am in Test Setup</msg>
<status status="PASS" starttime="20200405 20:22:18.630" endtime="20200405 20:22:18.631"></status>
</kw>
<kw name="Open Browser" library="SeleniumLibrary">
<doc>Opens a new browser instance to the optional ``url``.</doc>
<arguments>
<arg>https://google.com</arg>
<arg>chrome</arg>
</arguments>
<msg timestamp="20200405 20:22:18.632" level="INFO">Opening browser 'chrome' to base url 'https://google.com'.</msg>
<status status="PASS" starttime="20200405 20:22:18.632" endtime="20200405 20:22:37.058"></status>
</kw>
<kw name="Set Browser Implicit Wait" library="SeleniumLibrary">
<doc>Sets the implicit wait value used by Selenium.</doc>
<arguments>
<arg>5</arg>
</arguments>
<status status="PASS" starttime="20200405 20:22:37.059" endtime="20200405 20:22:37.063"></status>
</kw>
<kw name="Input Text" library="SeleniumLibrary">
<doc>Types the given ``text`` into the text field identified by ``locator``.</doc>
<arguments>
<arg>name=q</arg>
<arg>Automation Step by step</arg>
</arguments>
<msg timestamp="20200405 20:22:37.066" level="INFO">Typing text 'Automation Step by step' into text field 'name=q'.</msg>
<status status="PASS" starttime="20200405 20:22:37.065" endtime="20200405 20:22:37.533"></status>
</kw>
<kw name="Press Keys" library="SeleniumLibrary">
<doc>Simulates the user pressing key(s) to an element or on the active browser.</doc>
<arguments>
<arg>name=q</arg>
<arg>RETURN</arg>
</arguments>
<msg timestamp="20200405 20:22:37.534" level="INFO">Sending key(s) ('RETURN',) to name=q element.</msg>
<msg timestamp="20200405 20:22:37.831" level="INFO">Pressing special key RETURN to element.</msg>
<msg timestamp="20200405 20:22:37.832" level="INFO">Releasing special key RETURN.</msg>
<status status="PASS" starttime="20200405 20:22:37.534" endtime="20200405 20:22:49.960"></status>
</kw>
<kw name="Log" library="BuiltIn">
<doc>Logs the given message with the given level.</doc>
<arguments>
<arg>Test Completed</arg>
</arguments>
<msg timestamp="20200405 20:22:49.962" level="INFO">Test Completed</msg>
<status status="PASS" starttime="20200405 20:22:49.961" endtime="20200405 20:22:49.963"></status>
</kw>
<kw name="Close Browser" library="SeleniumLibrary" type="teardown">
<doc>Closes the current browser.</doc>
<status status="PASS" starttime="20200405 20:22:49.963" endtime="20200405 20:22:52.197"></status>
</kw>
<tags>
<tag>Sanity_Arpita</tag>
</tags>
<status status="PASS" starttime="20200405 20:22:18.629" endtime="20200405 20:22:52.198" critical="yes"></status>
</test>
<test id="s1-s1-s1-t5" name="SampleLoginTest">
<kw name="Log" library="BuiltIn" type="setup">
<doc>Logs the given message with the given level.</doc>
<arguments>
<arg>I am in Test Setup</arg>
</arguments>
<msg timestamp="20200405 20:22:52.205" level="INFO">I am in Test Setup</msg>
<status status="PASS" starttime="20200405 20:22:52.204" endtime="20200405 20:22:52.206"></status>
</kw>
<kw name="Open Browser" library="SeleniumLibrary">
<doc>Opens a new browser instance to the optional ``url``.</doc>
<arguments>
<arg>${URL}</arg>
<arg>chrome</arg>
</arguments>
<msg timestamp="20200405 20:22:52.209" level="INFO">Opening browser 'chrome' to base url 'https://opensource-demo.orangehrmlive.com/'.</msg>
<status status="PASS" starttime="20200405 20:22:52.208" endtime="20200405 20:23:02.780"></status>
</kw>
<kw name="Set Browser Implicit Wait" library="SeleniumLibrary">
<doc>Sets the implicit wait value used by Selenium.</doc>
<arguments>
<arg>5</arg>
</arguments>
<status status="PASS" starttime="20200405 20:23:02.781" endtime="20200405 20:23:02.784"></status>
</kw>
<kw name="Login">
<kw name="Input Text" library="SeleniumLibrary">
<doc>Types the given ``text`` into the text field identified by ``locator``.</doc>
<arguments>
<arg>id=txtUsername</arg>
<arg>@{CREDENTIALS}[0]</arg>
</arguments>
<msg timestamp="20200405 20:23:02.785" level="INFO">Typing text 'Admin' into text field 'id=txtUsername'.</msg>
<status status="PASS" starttime="20200405 20:23:02.785" endtime="20200405 20:23:02.919"></status>
</kw>
<kw name="Input Password" library="SeleniumLibrary">
<doc>Types the given password into the text field identified by ``locator``.</doc>
<arguments>
<arg>id=txtPassword</arg>
<arg>&amp;{LOGINDATA}[Password]</arg>
</arguments>
<msg timestamp="20200405 20:23:02.921" level="INFO">Typing password into text field 'id=txtPassword'.</msg>
<msg timestamp="20200405 20:23:02.982" level="INFO">Temporally setting log level to: NONE</msg>
<msg timestamp="20200405 20:23:03.071" level="INFO">Log level changed from NONE to INFO.</msg>
<status status="PASS" starttime="20200405 20:23:02.919" endtime="20200405 20:23:03.071"></status>
</kw>
<kw name="Click Button" library="SeleniumLibrary">
<doc>Clicks the button identified by ``locator``.</doc>
<arguments>
<arg>id=btnLogin</arg>
</arguments>
<msg timestamp="20200405 20:23:03.073" level="INFO">Clicking button 'id=btnLogin'.</msg>
<status status="PASS" starttime="20200405 20:23:03.072" endtime="20200405 20:23:08.453"></status>
</kw>
<status status="PASS" starttime="20200405 20:23:02.784" endtime="20200405 20:23:08.455"></status>
</kw>
<kw name="Click Element" library="SeleniumLibrary">
<doc>Click the element identified by ``locator``.</doc>
<arguments>
<arg>id=welcome</arg>
</arguments>
<msg timestamp="20200405 20:23:08.463" level="INFO">Clicking element 'id=welcome'.</msg>
<status status="PASS" starttime="20200405 20:23:08.457" endtime="20200405 20:23:08.701"></status>
</kw>
<kw name="Click Element" library="SeleniumLibrary">
<doc>Click the element identified by ``locator``.</doc>
<arguments>
<arg>link=Logout</arg>
</arguments>
<msg timestamp="20200405 20:23:08.703" level="INFO">Clicking element 'link=Logout'.</msg>
<status status="PASS" starttime="20200405 20:23:08.702" endtime="20200405 20:23:10.219"></status>
</kw>
<kw name="Log" library="BuiltIn">
<doc>Logs the given message with the given level.</doc>
<arguments>
<arg>Test completed</arg>
</arguments>
<msg timestamp="20200405 20:23:10.220" level="INFO">Test completed</msg>
<status status="PASS" starttime="20200405 20:23:10.219" endtime="20200405 20:23:10.221"></status>
</kw>
<kw name="Log" library="BuiltIn">
<doc>Logs the given message with the given level.</doc>
<arguments>
<arg>This Test Case is Executed by Username : %{USERNAME}</arg>
</arguments>
<msg timestamp="20200405 20:23:10.222" level="INFO">This Test Case is Executed by Username : Family</msg>
<status status="PASS" starttime="20200405 20:23:10.221" endtime="20200405 20:23:10.223"></status>
</kw>
<kw name="Close Browser" library="SeleniumLibrary" type="teardown">
<doc>Closes the current browser.</doc>
<status status="PASS" starttime="20200405 20:23:10.224" endtime="20200405 20:23:12.425"></status>
</kw>
<doc>This is a same login test</doc>
<tags>
<tag>Sanity_Arpita</tag>
</tags>
<status status="PASS" starttime="20200405 20:22:52.201" endtime="20200405 20:23:12.426" critical="yes"></status>
</test>
<kw name="Close All Browsers" library="SeleniumLibrary" type="teardown">
<doc>Closes all open browsers and resets the browser cache.</doc>
<status status="PASS" starttime="20200405 20:23:12.429" endtime="20200405 20:23:12.431"></status>
</kw>
<status status="PASS" starttime="20200405 20:22:18.285" endtime="20200405 20:23:12.432"></status>
</suite>
<status status="PASS" starttime="20200405 20:22:18.282" endtime="20200405 20:23:12.443"></status>
</suite>
<status status="PASS" starttime="20200405 20:22:18.248" endtime="20200405 20:23:12.452"></status>
</suite>
<statistics>
<total>
<stat pass="5" fail="0">Critical Tests</stat>
<stat pass="5" fail="0">All Tests</stat>
</total>
<tag>
<stat pass="1" fail="0">Regression</stat>
<stat pass="4" fail="0">Sanity_Arpita</stat>
<stat pass="1" fail="0">Smoke Testing</stat>
</tag>
<suite>
<stat pass="5" fail="0" id="s1" name="RobotProject1">RobotProject1</stat>
<stat pass="5" fail="0" id="s1-s1" name="Test">RobotProject1.Test</stat>
<stat pass="5" fail="0" id="s1-s1-s1" name="TestSuite1">RobotProject1.Test.TestSuite1</stat>
</suite>
</statistics>
<errors>
</errors>
</robot>
